<?xml version="1.0" encoding="UTF-8"?>
<!-- Generated by org.testng.reporters.JUnitXMLReporter -->
<testsuite ignored="0" hostname="Senior" failures="1" tests="2" name="End to End Framework Test" time="32.735" errors="0" timestamp="2024-02-14T10:48:59 EET">
  <testcase classname="org.Hayyak.ecommerce4" name="FillForm" time="16.914">
    <failure type="java.lang.IndexOutOfBoundsException" message="Index 0 out of bounds for length 0">
      <![CDATA[java.lang.IndexOutOfBoundsException: Index 0 out of bounds for length 0
at java.base/jdk.internal.util.Preconditions.outOfBounds(Preconditions.java:64)
at java.base/jdk.internal.util.Preconditions.outOfBoundsCheckIndex(Preconditions.java:70)
at java.base/jdk.internal.util.Preconditions.checkIndex(Preconditions.java:266)
at java.base/java.util.Objects.checkIndex(Objects.java:359)
at java.base/java.util.ArrayList.get(ArrayList.java:427)
at io.appium.java_client.pagefactory.ElementListInterceptor.getObject(ElementListInterceptor.java:40)
at io.appium.java_client.pagefactory.interceptors.InterceptorOfAListOfElements.call(InterceptorOfAListOfElements.java:47)
at io.appium.java_client.proxy.Interceptor.intercept(Interceptor.java:77)
at net.bytebuddy.renamed.java.util.ArrayList$ByteBuddy$wYJhDY4R.get(Unknown Source)
at org.Hayyak.pageObjects.android.ProductCatalogue.addItemToCartByIndex(ProductCatalogue.java:36)
at org.Hayyak.ecommerce4.FillForm(ecommerce4.java:52)
at java.base/java.util.ArrayList.forEach(ArrayList.java:1511)
... Removed 31 stack frames]]>
    </failure>
  </testcase> <!-- FillForm -->
  <testcase classname="org.Hayyak.ecommerce4" name="FillgForm" time="0.001"/>
</testsuite> <!-- End to End Framework Test -->
